#
# There is insufficient memory for the Java Runtime Environment to continue.
# Native memory allocation (malloc) failed to allocate 1048576 bytes for AllocateHeap
# Possible reasons:
#   The system is out of physical RAM or swap space
#   In 32 bit mode, the process size limit was hit
# Possible solutions:
#   Reduce memory load on the system
#   Increase physical memory or swap space
#   Check if swap backing store is full
#   Use 64 bit Java on a 64 bit OS
#   Decrease Java heap size (-Xmx/-Xms)
#   Decrease number of Java threads
#   Decrease Java thread stack sizes (-Xss)
#   Set larger code cache with -XX:ReservedCodeCacheSize=
# This output file may be truncated or incomplete.
#
#  Out of Memory Error (memory/allocation.inline.hpp:61), pid=23728, tid=0x0000000000002c48
#
# JRE version:  (8.0_181-b13) (build )
# Java VM: Java HotSpot(TM) 64-Bit Server VM (25.181-b13 mixed mode windows-amd64 compressed oops)
# Failed to write core dump. Minidumps are not enabled by default on client versions of Windows
#

---------------  T H R E A D  ---------------

Current thread (0x0000000002ad4000):  JavaThread "Unknown thread" [_thread_in_vm, id=11336, stack(0x0000000002990000,0x0000000002a90000)]

Stack: [0x0000000002990000,0x0000000002a90000]
[error occurred during error reporting (printing stack bounds), id 0xc0000005]

Native frames: (J=compiled Java code, j=interpreted, Vv=VM code, C=native code)


---------------  P R O C E S S  ---------------

Java Threads: ( => current thread )

Other Threads:

=>0x0000000002ad4000 (exited) JavaThread "Unknown thread" [_thread_in_vm, id=11336, stack(0x0000000002990000,0x0000000002a90000)]

VM state:not at safepoint (normal execution)

VM Mutex/Monitor currently owned by a thread: None

Heap:
 PSYoungGen      total 38400K, used 665K [0x00000000d5d00000, 0x00000000d8780000, 0x0000000100000000)
  eden space 33280K, 2% used [0x00000000d5d00000,0x00000000d5da6670,0x00000000d7d80000)
  from space 5120K, 0% used [0x00000000d8280000,0x00000000d8280000,0x00000000d8780000)
  to   space 5120K, 0% used [0x00000000d7d80000,0x00000000d7d80000,0x00000000d8280000)
 ParOldGen       total 87552K, used 0K [0x0000000081600000, 0x0000000086b80000, 0x00000000d5d00000)
  object space 87552K, 0% used [0x0000000081600000,0x0000000081600000,0x0000000086b80000)
 Metaspace       used 751K, capacity 4480K, committed 4480K, reserved 1056768K
  class space    used 76K, capacity 384K, committed 384K, reserved 1048576K

Card table byte_map: [0x0000000011f90000,0x0000000012390000] byte_map_base: 0x0000000011b85000

Marking Bits: (ParMarkBitMap*) 0x0000000058a52d00
 Begin Bits: [0x0000000012e40000, 0x0000000014de8000)
 End Bits:   [0x0000000014de8000, 0x0000000016d90000)

Polling page: 0x0000000001220000

CodeCache: size=245760Kb used=328Kb max_used=328Kb free=245431Kb
 bounds [0x0000000002bd0000, 0x0000000002e40000, 0x0000000011bd0000]
 total_blobs=58 nmethods=0 adapters=38
 compilation: enabled

Compilation events (0 events):
No events

GC Heap History (0 events):
No events

Deoptimization events (0 events):
No events

Classes redefined (0 events):
No events

Internal exceptions (0 events):
No events

Events (10 events):
Event: 0.088 loading class java/lang/Short
Event: 0.088 loading class java/lang/Short done
Event: 0.088 loading class java/lang/Integer
Event: 0.088 loading class java/lang/Integer done
Event: 0.088 loading class java/lang/Long
Event: 0.088 loading class java/lang/Long done
Event: 0.089 loading class java/lang/NullPointerException
Event: 0.089 loading class java/lang/NullPointerException done
Event: 0.089 loading class java/lang/ArithmeticException
Event: 0.089 loading class java/lang/ArithmeticException done


Dynamic libraries:
0x00007ff67ba90000 - 0x00007ff67bac7000 	C:\Program Files\Java\jre1.8.0_181\bin\javaw.exe
0x00007ff85c630000 - 0x00007ff85c81d000 	C:\WINDOWS\SYSTEM32\ntdll.dll
0x00007ff85c460000 - 0x00007ff85c513000 	C:\WINDOWS\System32\KERNEL32.DLL
0x00007ff859530000 - 0x00007ff8597c5000 	C:\WINDOWS\System32\KERNELBASE.dll
0x00007ff859a60000 - 0x00007ff859b03000 	C:\WINDOWS\System32\ADVAPI32.dll
0x00007ff85a2a0000 - 0x00007ff85a33e000 	C:\WINDOWS\System32\msvcrt.dll
0x00007ff85c3c0000 - 0x00007ff85c45e000 	C:\WINDOWS\System32\sechost.dll
0x00007ff85c050000 - 0x00007ff85c172000 	C:\WINDOWS\System32\RPCRT4.dll
0x00007ff859b10000 - 0x00007ff859ca7000 	C:\WINDOWS\System32\USER32.dll
0x00007ff858dc0000 - 0x00007ff858de0000 	C:\WINDOWS\System32\win32u.dll
0x00007ff85c230000 - 0x00007ff85c259000 	C:\WINDOWS\System32\GDI32.dll
0x00007ff858770000 - 0x00007ff85890a000 	C:\WINDOWS\System32\gdi32full.dll
0x00007ff858b10000 - 0x00007ff858bb0000 	C:\WINDOWS\System32\msvcp_win.dll
0x00007ff858910000 - 0x00007ff858a0a000 	C:\WINDOWS\System32\ucrtbase.dll
0x00007ff845280000 - 0x00007ff8454f9000 	C:\WINDOWS\WinSxS\amd64_microsoft.windows.common-controls_6595b64144ccf1df_6.0.17763.1282_none_de75b6f253473c0f\COMCTL32.dll
0x00007ff859e90000 - 0x00007ff85a1bc000 	C:\WINDOWS\System32\combase.dll
0x00007ff8597d0000 - 0x00007ff85984e000 	C:\WINDOWS\System32\bcryptPrimitives.dll
0x00007ff85a270000 - 0x00007ff85a29e000 	C:\WINDOWS\System32\IMM32.DLL
0x0000000059370000 - 0x0000000059442000 	C:\Program Files\Java\jre1.8.0_181\bin\msvcr100.dll
0x0000000058230000 - 0x0000000058ad2000 	C:\Program Files\Java\jre1.8.0_181\bin\server\jvm.dll
0x00007ff85c040000 - 0x00007ff85c048000 	C:\WINDOWS\System32\PSAPI.DLL
0x00007ff84d490000 - 0x00007ff84d499000 	C:\WINDOWS\SYSTEM32\WSOCK32.dll
0x00007ff859cb0000 - 0x00007ff859d1d000 	C:\WINDOWS\System32\WS2_32.dll
0x00007ff851200000 - 0x00007ff851224000 	C:\WINDOWS\SYSTEM32\WINMM.dll
0x00007ff851670000 - 0x00007ff85167a000 	C:\WINDOWS\SYSTEM32\VERSION.dll
0x00007ff8511d0000 - 0x00007ff8511fd000 	C:\WINDOWS\SYSTEM32\WINMMBASE.dll
0x00007ff858ac0000 - 0x00007ff858b0a000 	C:\WINDOWS\System32\cfgmgr32.dll
0x000000005b8c0000 - 0x000000005b8cf000 	C:\Program Files\Java\jre1.8.0_181\bin\verify.dll
0x000000005b1b0000 - 0x000000005b1d9000 	C:\Program Files\Java\jre1.8.0_181\bin\java.dll
0x000000005afc0000 - 0x000000005afd6000 	C:\Program Files\Java\jre1.8.0_181\bin\zip.dll

VM Arguments:
jvm_args: -ea -Dfile.encoding=UTF-8 
java_command: org.eclipse.jdt.internal.junit.runner.RemoteTestRunner -version 3 -port 61287 -testLoaderClass org.eclipse.jdt.internal.junit4.runner.JUnit4TestLoader -loaderpluginname org.eclipse.jdt.junit4.runtime -classNames com.cucumber.testrunner.TestRunner
java_class_path (initial): C:\Users\91917\eclipse-workspace\IDCS\target\test-classes;C:\Users\91917\eclipse-workspace\IDCS\target\classes;C:\Users\91917\.m2\repository\org\apache\poi\poi\4.1.0\poi-4.1.0.jar;C:\Users\91917\.m2\repository\commons-codec\commons-codec\1.12\commons-codec-1.12.jar;C:\Users\91917\.m2\repository\org\apache\commons\commons-collections4\4.3\commons-collections4-4.3.jar;C:\Users\91917\.m2\repository\org\apache\commons\commons-math3\3.6.1\commons-math3-3.6.1.jar;C:\Users\91917\.m2\repository\org\apache\poi\poi-ooxml\4.1.0\poi-ooxml-4.1.0.jar;C:\Users\91917\.m2\repository\org\apache\poi\poi-ooxml-schemas\4.1.0\poi-ooxml-schemas-4.1.0.jar;C:\Users\91917\.m2\repository\org\apache\xmlbeans\xmlbeans\3.1.0\xmlbeans-3.1.0.jar;C:\Users\91917\.m2\repository\org\apache\commons\commons-compress\1.18\commons-compress-1.18.jar;C:\Users\91917\.m2\repository\com\github\virtuald\curvesapi\1.06\curvesapi-1.06.jar;C:\Users\91917\.m2\repository\org\seleniumhq\selenium\selenium-java\3.141.59\selenium-java-3.141.59.jar;C:\Users\91917\.m2\repository\org\seleniumhq\selenium\selenium-api\3.141.59\selenium-api-3.141.59.jar;C:\Users\91917\.m2\repository\org\seleniumhq\selenium\selenium-chrome-driver\3.141.59\selenium-chrome-driver-3.141.59.jar;C:\Users\91917\.m2\repository\org\seleniumhq\selenium\selenium-edge-driver\3.141.59\selenium-edge-driver-3.141.59.jar;C:\Users\91917\.m2\repository\org\seleniumhq\selenium\selenium-firefox-driver\3.141.59\selenium-firefox-driver-3.141.59.jar;C:\Users\91917\.m2\repository\org\seleniumhq\selenium\selenium-ie-driver\3.141.59\selenium-ie-driver-3.141.59.jar;C:\Users\91917\.m2\repository\org\seleniumhq\selenium\selenium-opera-driver\3.141.59\selenium-opera-driver-3.141.59.jar;C:\Users\91917\.m2\repository\org\seleniumhq\selenium\selenium-remote-driver\3.141.59\selenium-remote-driver-3.141.59.jar;C:\Users\91917\.m2\repository\org\seleniumhq\selenium\selenium-safari-driver\3.141.59\selenium-safari-driver-3.141.59.jar;C:\Users\91917\.m2
Launcher Type: SUN_STANDARD

Environment Variables:
JAVA_HOME=C:\Program Files\Java\jdk1.8.0_181
PATH=C:/Program Files/Java/jre1.8.0_181/bin/server;C:/Program Files/Java/jre1.8.0_181/bin;C:/Program Files/Java/jre1.8.0_181/lib/amd64;C:\Program Files (x86)\Common Files\Oracle\Java\javapath;C:\WINDOWS\system32;C:\WINDOWS;C:\WINDOWS\System32\Wbem;C:\WINDOWS\System32\WindowsPowerShell\v1.0\;C:\WINDOWS\System32\OpenSSH\;C:\Program Files\Java\jdk1.8.0_181\bin;C:\Maven\bin;C:\Program Files\Git\cmd;C:\Users\91917\AppData\Local\Android\Sdk\platform-tools;C:\Users\91917\AppData\Local\Android\Sdk\tools;C:\Users\91917\AppData\Local\Android\Sdk\tools\bin;C:\Program Files\nodejs\;C:\Users\91917\AppData\Local\Microsoft\WindowsApps;;C:\Users\91917\eclipse\java-2018-09\eclipse;
USERNAME=91917
OS=Windows_NT
PROCESSOR_IDENTIFIER=Intel64 Family 6 Model 142 Stepping 10, GenuineIntel



---------------  S Y S T E M  ---------------

OS: Windows 10.0 , 64 bit Build 17763 (10.0.17763.1158)

CPU:total 8 (initial active 8) (4 cores per cpu, 2 threads per core) family 6 model 142 stepping 10, cmov, cx8, fxsr, mmx, sse, sse2, sse3, ssse3, sse4.1, sse4.2, popcnt, avx, avx2, aes, clmul, erms, 3dnowpref, lzcnt, ht, tsc, tscinvbit, bmi1, bmi2, adx

Memory: 4k page, physical 8295652k(1425848k free), swap 10249444k(6324k free)

vm_info: Java HotSpot(TM) 64-Bit Server VM (25.181-b13) for windows-amd64 JRE (1.8.0_181-b13), built on Jul  7 2018 04:01:33 by "java_re" with MS VC++ 10.0 (VS2010)

time: Fri Jul 03 06:55:31 2020
elapsed time: 0 seconds (0d 0h 0m 0s)

